<?xml version="1.0" encoding="UTF-8"?>
<testsuite name="gremlins.SampleTest" tests="1" skipped="0" failures="0" errors="0" timestamp="2022-10-15T03:11:57" hostname="gracedeMBP" time="0.085">
  <properties/>
  <testcase name="simpleTest()" classname="gremlins.SampleTest" time="0.085"/>
  <system-out><![CDATA[]]></system-out>
  <system-err><![CDATA[]]></system-err>
</testsuite>
