<?xml version="1.0" encoding="UTF-8"?>
<testsuite name="gremlins.ConfLoaderTest" tests="2" skipped="0" failures="0" errors="0" timestamp="2022-10-15T04:18:00" hostname="gracedeMBP" time="0.278">
  <properties/>
  <testcase name="testTotalLevel()" classname="gremlins.ConfLoaderTest" time="0.273"/>
  <testcase name="testMapPosition()" classname="gremlins.ConfLoaderTest" time="0.004"/>
  <system-out><![CDATA[]]></system-out>
  <system-err><![CDATA[]]></system-err>
</testsuite>
