<?xml version="1.0" encoding="UTF-8"?>
<testsuite name="gremlins.ConfLoaderTest" tests="35" skipped="0" failures="0" errors="0" timestamp="2022-10-20T04:52:24" hostname="vlan-2631-10-16-130-126.student.wireless.sydney.edu.au" time="90.211">
  <properties/>
  <testcase name="testWizardNotAdjustedDirection()" classname="gremlins.ConfLoaderTest" time="1.252"/>
  <testcase name="testFireBallUp()" classname="gremlins.ConfLoaderTest" time="5.693"/>
  <testcase name="testSlimeHitWizard()" classname="gremlins.ConfLoaderTest" time="2.187"/>
  <testcase name="testFireBallHitGremlin()" classname="gremlins.ConfLoaderTest" time="2.167"/>
  <testcase name="testWizardRightLeftDirection()" classname="gremlins.ConfLoaderTest" time="1.009"/>
  <testcase name="testWizardUpDirection()" classname="gremlins.ConfLoaderTest" time="1.021"/>
  <testcase name="testTotalLevel()" classname="gremlins.ConfLoaderTest" time="1.003"/>
  <testcase name="testWin()" classname="gremlins.ConfLoaderTest" time="1.18"/>
  <testcase name="testFireBallDirectionLeft()" classname="gremlins.ConfLoaderTest" time="1.342"/>
  <testcase name="testPowerOn()" classname="gremlins.ConfLoaderTest" time="3.243"/>
  <testcase name="testMapPosition()" classname="gremlins.ConfLoaderTest" time="1.005"/>
  <testcase name="testFireBallHitSlime()" classname="gremlins.ConfLoaderTest" time="2.308"/>
  <testcase name="testFireBallRight()" classname="gremlins.ConfLoaderTest" time="1.541"/>
  <testcase name="testfireball()" classname="gremlins.ConfLoaderTest" time="1.874"/>
  <testcase name="testWizardAdjusted()" classname="gremlins.ConfLoaderTest" time="1.004"/>
  <testcase name="testWizardLeftDirection()" classname="gremlins.ConfLoaderTest" time="2.275"/>
  <testcase name="testWizardDownDirection()" classname="gremlins.ConfLoaderTest" time="1.002"/>
  <testcase name="testGamePlayAgain()" classname="gremlins.ConfLoaderTest" time="2.795"/>
  <testcase name="testWizardRightDirection()" classname="gremlins.ConfLoaderTest" time="1.689"/>
  <testcase name="testRestart()" classname="gremlins.ConfLoaderTest" time="1.825"/>
  <testcase name="GremlinsDirection()" classname="gremlins.ConfLoaderTest" time="1.003"/>
  <testcase name="testFireBallDown()" classname="gremlins.ConfLoaderTest" time="2.409"/>
  <testcase name="testLivesSetUp()" classname="gremlins.ConfLoaderTest" time="2.576"/>
  <testcase name="testgetlivesequals0()" classname="gremlins.ConfLoaderTest" time="2.343"/>
  <testcase name="testFireBallHitDownWall()" classname="gremlins.ConfLoaderTest" time="2.599"/>
  <testcase name="testDrawWin()" classname="gremlins.ConfLoaderTest" time="2.79"/>
  <testcase name="testNotFireOn()" classname="gremlins.ConfLoaderTest" time="3.46"/>
  <testcase name="testFireBallHitLeftWall()" classname="gremlins.ConfLoaderTest" time="4.031"/>
  <testcase name="testCheckGameStatus()" classname="gremlins.ConfLoaderTest" time="1.002"/>
  <testcase name="testReborn()" classname="gremlins.ConfLoaderTest" time="7.554"/>
  <testcase name="testcheckLosetatus()" classname="gremlins.ConfLoaderTest" time="3.85"/>
  <testcase name="testKeyReleased()" classname="gremlins.ConfLoaderTest" time="1.006"/>
  <testcase name="testWizardHitGremlins()" classname="gremlins.ConfLoaderTest" time="6.705"/>
  <testcase name="testpassblackHole()" classname="gremlins.ConfLoaderTest" time="5.282"/>
  <testcase name="testWallBreak()" classname="gremlins.ConfLoaderTest" time="6.158"/>
  <system-out><![CDATA[]]></system-out>
  <system-err><![CDATA[]]></system-err>
</testsuite>
