<?xml version="1.0" encoding="UTF-8"?>
<testsuite name="gremlins.ConfLoaderTest" tests="27" skipped="0" failures="2" errors="0" timestamp="2022-10-18T13:20:35" hostname="gracedeMBP" time="44.637">
  <properties/>
  <testcase name="testWizardRightLeftDirection()" classname="gremlins.ConfLoaderTest" time="1.094"/>
  <testcase name="testWizardUpDirection()" classname="gremlins.ConfLoaderTest" time="1.006"/>
  <testcase name="testTotalLevel()" classname="gremlins.ConfLoaderTest" time="1.003"/>
  <testcase name="testWin()" classname="gremlins.ConfLoaderTest" time="4.528"/>
  <testcase name="testFirBallHitDownWall()" classname="gremlins.ConfLoaderTest" time="1.145"/>
  <testcase name="testFirBallHitleftWall()" classname="gremlins.ConfLoaderTest" time="1.107"/>
  <testcase name="testHitGremlins()" classname="gremlins.ConfLoaderTest" time="1.302"/>
  <testcase name="testMapPosition()" classname="gremlins.ConfLoaderTest" time="1.005"/>
  <testcase name="testFireBallRight()" classname="gremlins.ConfLoaderTest" time="1.291"/>
  <testcase name="testfireball()" classname="gremlins.ConfLoaderTest" time="1.278"/>
  <testcase name="testWizardDownDirection()" classname="gremlins.ConfLoaderTest" time="1.004"/>
  <testcase name="testRestart()" classname="gremlins.ConfLoaderTest" time="1.508"/>
  <testcase name="testfireballDown()" classname="gremlins.ConfLoaderTest" time="1.819"/>
  <testcase name="GremlinsDirection()" classname="gremlins.ConfLoaderTest" time="1.006"/>
  <testcase name="testLivesSetUp()" classname="gremlins.ConfLoaderTest" time="1.635"/>
  <testcase name="testgetlivesequals0()" classname="gremlins.ConfLoaderTest" time="1.634"/>
  <testcase name="testDirectionLeft()" classname="gremlins.ConfLoaderTest" time="0.318">
    <failure message="java.lang.NullPointerException" type="java.lang.NullPointerException">java.lang.NullPointerException
	at gremlins.Frame.setSprite(Frame.java:85)
	at gremlins.App.setFrame(App.java:319)
	at gremlins.App.setup(App.java:106)
	at gremlins.ConfLoaderTest.testDirectionLeft(ConfLoaderTest.java:160)
	at sun.reflect.NativeMethodAccessorImpl.invoke0(Native Method)
	at sun.reflect.NativeMethodAccessorImpl.invoke(NativeMethodAccessorImpl.java:62)
	at sun.reflect.DelegatingMethodAccessorImpl.invoke(DelegatingMethodAccessorImpl.java:43)
	at java.lang.reflect.Method.invoke(Method.java:498)
	at org.junit.platform.commons.util.ReflectionUtils.invokeMethod(ReflectionUtils.java:686)
	at org.junit.jupiter.engine.execution.MethodInvocation.proceed(MethodInvocation.java:60)
	at org.junit.jupiter.engine.execution.InvocationInterceptorChain$ValidatingInvocation.proceed(InvocationInterceptorChain.java:131)
	at org.junit.jupiter.engine.extension.TimeoutExtension.intercept(TimeoutExtension.java:149)
	at org.junit.jupiter.engine.extension.TimeoutExtension.interceptTestableMethod(TimeoutExtension.java:140)
	at org.junit.jupiter.engine.extension.TimeoutExtension.interceptTestMethod(TimeoutExtension.java:84)
	at org.junit.jupiter.engine.execution.ExecutableInvoker$ReflectiveInterceptorCall.lambda$ofVoidMethod$0(ExecutableInvoker.java:115)
	at org.junit.jupiter.engine.execution.ExecutableInvoker.lambda$invoke$0(ExecutableInvoker.java:105)
	at org.junit.jupiter.engine.execution.InvocationInterceptorChain$InterceptedInvocation.proceed(InvocationInterceptorChain.java:106)
	at org.junit.jupiter.engine.execution.InvocationInterceptorChain.proceed(InvocationInterceptorChain.java:64)
	at org.junit.jupiter.engine.execution.InvocationInterceptorChain.chainAndInvoke(InvocationInterceptorChain.java:45)
	at org.junit.jupiter.engine.execution.InvocationInterceptorChain.invoke(InvocationInterceptorChain.java:37)
	at org.junit.jupiter.engine.execution.ExecutableInvoker.invoke(ExecutableInvoker.java:104)
	at org.junit.jupiter.engine.execution.ExecutableInvoker.invoke(ExecutableInvoker.java:98)
	at org.junit.jupiter.engine.descriptor.TestMethodTestDescriptor.lambda$invokeTestMethod$6(TestMethodTestDescriptor.java:212)
	at org.junit.platform.engine.support.hierarchical.ThrowableCollector.execute(ThrowableCollector.java:73)
	at org.junit.jupiter.engine.descriptor.TestMethodTestDescriptor.invokeTestMethod(TestMethodTestDescriptor.java:208)
	at org.junit.jupiter.engine.descriptor.TestMethodTestDescriptor.execute(TestMethodTestDescriptor.java:137)
	at org.junit.jupiter.engine.descriptor.TestMethodTestDescriptor.execute(TestMethodTestDescriptor.java:71)
	at org.junit.platform.engine.support.hierarchical.NodeTestTask.lambda$executeRecursively$5(NodeTestTask.java:135)
	at org.junit.platform.engine.support.hierarchical.ThrowableCollector.execute(ThrowableCollector.java:73)
	at org.junit.platform.engine.support.hierarchical.NodeTestTask.lambda$executeRecursively$7(NodeTestTask.java:125)
	at org.junit.platform.engine.support.hierarchical.Node.around(Node.java:135)
	at org.junit.platform.engine.support.hierarchical.NodeTestTask.lambda$executeRecursively$8(NodeTestTask.java:123)
	at org.junit.platform.engine.support.hierarchical.ThrowableCollector.execute(ThrowableCollector.java:73)
	at org.junit.platform.engine.support.hierarchical.NodeTestTask.executeRecursively(NodeTestTask.java:122)
	at org.junit.platform.engine.support.hierarchical.NodeTestTask.execute(NodeTestTask.java:80)
	at java.util.ArrayList.forEach(ArrayList.java:1259)
	at org.junit.platform.engine.support.hierarchical.SameThreadHierarchicalTestExecutorService.invokeAll(SameThreadHierarchicalTestExecutorService.java:38)
	at org.junit.platform.engine.support.hierarchical.NodeTestTask.lambda$executeRecursively$5(NodeTestTask.java:139)
	at org.junit.platform.engine.support.hierarchical.ThrowableCollector.execute(ThrowableCollector.java:73)
	at org.junit.platform.engine.support.hierarchical.NodeTestTask.lambda$executeRecursively$7(NodeTestTask.java:125)
	at org.junit.platform.engine.support.hierarchical.Node.around(Node.java:135)
	at org.junit.platform.engine.support.hierarchical.NodeTestTask.lambda$executeRecursively$8(NodeTestTask.java:123)
	at org.junit.platform.engine.support.hierarchical.ThrowableCollector.execute(ThrowableCollector.java:73)
	at org.junit.platform.engine.support.hierarchical.NodeTestTask.executeRecursively(NodeTestTask.java:122)
	at org.junit.platform.engine.support.hierarchical.NodeTestTask.execute(NodeTestTask.java:80)
	at java.util.ArrayList.forEach(ArrayList.java:1259)
	at org.junit.platform.engine.support.hierarchical.SameThreadHierarchicalTestExecutorService.invokeAll(SameThreadHierarchicalTestExecutorService.java:38)
	at org.junit.platform.engine.support.hierarchical.NodeTestTask.lambda$executeRecursively$5(NodeTestTask.java:139)
	at org.junit.platform.engine.support.hierarchical.ThrowableCollector.execute(ThrowableCollector.java:73)
	at org.junit.platform.engine.support.hierarchical.NodeTestTask.lambda$executeRecursively$7(NodeTestTask.java:125)
	at org.junit.platform.engine.support.hierarchical.Node.around(Node.java:135)
	at org.junit.platform.engine.support.hierarchical.NodeTestTask.lambda$executeRecursively$8(NodeTestTask.java:123)
	at org.junit.platform.engine.support.hierarchical.ThrowableCollector.execute(ThrowableCollector.java:73)
	at org.junit.platform.engine.support.hierarchical.NodeTestTask.executeRecursively(NodeTestTask.java:122)
	at org.junit.platform.engine.support.hierarchical.NodeTestTask.execute(NodeTestTask.java:80)
	at org.junit.platform.engine.support.hierarchical.SameThreadHierarchicalTestExecutorService.submit(SameThreadHierarchicalTestExecutorService.java:32)
	at org.junit.platform.engine.support.hierarchical.HierarchicalTestExecutor.execute(HierarchicalTestExecutor.java:57)
	at org.junit.platform.engine.support.hierarchical.HierarchicalTestEngine.execute(HierarchicalTestEngine.java:51)
	at org.junit.platform.launcher.core.EngineExecutionOrchestrator.execute(EngineExecutionOrchestrator.java:107)
	at org.junit.platform.launcher.core.EngineExecutionOrchestrator.execute(EngineExecutionOrchestrator.java:88)
	at org.junit.platform.launcher.core.EngineExecutionOrchestrator.lambda$execute$0(EngineExecutionOrchestrator.java:54)
	at org.junit.platform.launcher.core.EngineExecutionOrchestrator.withInterceptedStreams(EngineExecutionOrchestrator.java:67)
	at org.junit.platform.launcher.core.EngineExecutionOrchestrator.execute(EngineExecutionOrchestrator.java:52)
	at org.junit.platform.launcher.core.DefaultLauncher.execute(DefaultLauncher.java:114)
	at org.junit.platform.launcher.core.DefaultLauncher.execute(DefaultLauncher.java:86)
	at org.junit.platform.launcher.core.DefaultLauncherSession$DelegatingLauncher.execute(DefaultLauncherSession.java:86)
	at org.junit.platform.launcher.core.SessionPerRequestLauncher.execute(SessionPerRequestLauncher.java:53)
	at org.gradle.api.internal.tasks.testing.junitplatform.JUnitPlatformTestClassProcessor$CollectAllTestClassesExecutor.processAllTestClasses(JUnitPlatformTestClassProcessor.java:99)
	at org.gradle.api.internal.tasks.testing.junitplatform.JUnitPlatformTestClassProcessor$CollectAllTestClassesExecutor.access$000(JUnitPlatformTestClassProcessor.java:79)
	at org.gradle.api.internal.tasks.testing.junitplatform.JUnitPlatformTestClassProcessor.stop(JUnitPlatformTestClassProcessor.java:75)
	at org.gradle.api.internal.tasks.testing.SuiteTestClassProcessor.stop(SuiteTestClassProcessor.java:61)
	at sun.reflect.NativeMethodAccessorImpl.invoke0(Native Method)
	at sun.reflect.NativeMethodAccessorImpl.invoke(NativeMethodAccessorImpl.java:62)
	at sun.reflect.DelegatingMethodAccessorImpl.invoke(DelegatingMethodAccessorImpl.java:43)
	at java.lang.reflect.Method.invoke(Method.java:498)
	at org.gradle.internal.dispatch.ReflectionDispatch.dispatch(ReflectionDispatch.java:36)
	at org.gradle.internal.dispatch.ReflectionDispatch.dispatch(ReflectionDispatch.java:24)
	at org.gradle.internal.dispatch.ContextClassLoaderDispatch.dispatch(ContextClassLoaderDispatch.java:33)
	at org.gradle.internal.dispatch.ProxyDispatchAdapter$DispatchingInvocationHandler.invoke(ProxyDispatchAdapter.java:94)
	at com.sun.proxy.$Proxy2.stop(Unknown Source)
	at org.gradle.api.internal.tasks.testing.worker.TestWorker$3.run(TestWorker.java:193)
	at org.gradle.api.internal.tasks.testing.worker.TestWorker.executeAndMaintainThreadName(TestWorker.java:129)
	at org.gradle.api.internal.tasks.testing.worker.TestWorker.execute(TestWorker.java:100)
	at org.gradle.api.internal.tasks.testing.worker.TestWorker.execute(TestWorker.java:60)
	at org.gradle.process.internal.worker.child.ActionExecutionWorker.execute(ActionExecutionWorker.java:56)
	at org.gradle.process.internal.worker.child.SystemApplicationClassLoaderWorker.call(SystemApplicationClassLoaderWorker.java:133)
	at org.gradle.process.internal.worker.child.SystemApplicationClassLoaderWorker.call(SystemApplicationClassLoaderWorker.java:71)
	at worker.org.gradle.process.internal.worker.GradleWorkerMain.run(GradleWorkerMain.java:69)
	at worker.org.gradle.process.internal.worker.GradleWorkerMain.main(GradleWorkerMain.java:74)
</failure>
  </testcase>
  <testcase name="testfireballUp()" classname="gremlins.ConfLoaderTest" time="2.13"/>
  <testcase name="testDrawWin()" classname="gremlins.ConfLoaderTest" time="1.915"/>
  <testcase name="testPower_on()" classname="gremlins.ConfLoaderTest" time="2.089"/>
  <testcase name="testcheckgamestatus()" classname="gremlins.ConfLoaderTest" time="1.009"/>
  <testcase name="testReborn()" classname="gremlins.ConfLoaderTest" time="1.007">
    <failure message="org.opentest4j.AssertionFailedError: expected: not equal but was: &lt;100&gt;" type="org.opentest4j.AssertionFailedError">org.opentest4j.AssertionFailedError: expected: not equal but was: &lt;100&gt;
	at org.junit.jupiter.api.AssertionUtils.fail(AssertionUtils.java:39)
	at org.junit.jupiter.api.AssertNotEquals.failEqual(AssertNotEquals.java:276)
	at org.junit.jupiter.api.AssertNotEquals.assertNotEquals(AssertNotEquals.java:96)
	at org.junit.jupiter.api.AssertNotEquals.assertNotEquals(AssertNotEquals.java:88)
	at org.junit.jupiter.api.Assertions.assertNotEquals(Assertions.java:1905)
	at gremlins.ConfLoaderTest.testReborn(ConfLoaderTest.java:201)
	at sun.reflect.NativeMethodAccessorImpl.invoke0(Native Method)
	at sun.reflect.NativeMethodAccessorImpl.invoke(NativeMethodAccessorImpl.java:62)
	at sun.reflect.DelegatingMethodAccessorImpl.invoke(DelegatingMethodAccessorImpl.java:43)
	at java.lang.reflect.Method.invoke(Method.java:498)
	at org.junit.platform.commons.util.ReflectionUtils.invokeMethod(ReflectionUtils.java:686)
	at org.junit.jupiter.engine.execution.MethodInvocation.proceed(MethodInvocation.java:60)
	at org.junit.jupiter.engine.execution.InvocationInterceptorChain$ValidatingInvocation.proceed(InvocationInterceptorChain.java:131)
	at org.junit.jupiter.engine.extension.TimeoutExtension.intercept(TimeoutExtension.java:149)
	at org.junit.jupiter.engine.extension.TimeoutExtension.interceptTestableMethod(TimeoutExtension.java:140)
	at org.junit.jupiter.engine.extension.TimeoutExtension.interceptTestMethod(TimeoutExtension.java:84)
	at org.junit.jupiter.engine.execution.ExecutableInvoker$ReflectiveInterceptorCall.lambda$ofVoidMethod$0(ExecutableInvoker.java:115)
	at org.junit.jupiter.engine.execution.ExecutableInvoker.lambda$invoke$0(ExecutableInvoker.java:105)
	at org.junit.jupiter.engine.execution.InvocationInterceptorChain$InterceptedInvocation.proceed(InvocationInterceptorChain.java:106)
	at org.junit.jupiter.engine.execution.InvocationInterceptorChain.proceed(InvocationInterceptorChain.java:64)
	at org.junit.jupiter.engine.execution.InvocationInterceptorChain.chainAndInvoke(InvocationInterceptorChain.java:45)
	at org.junit.jupiter.engine.execution.InvocationInterceptorChain.invoke(InvocationInterceptorChain.java:37)
	at org.junit.jupiter.engine.execution.ExecutableInvoker.invoke(ExecutableInvoker.java:104)
	at org.junit.jupiter.engine.execution.ExecutableInvoker.invoke(ExecutableInvoker.java:98)
	at org.junit.jupiter.engine.descriptor.TestMethodTestDescriptor.lambda$invokeTestMethod$6(TestMethodTestDescriptor.java:212)
	at org.junit.platform.engine.support.hierarchical.ThrowableCollector.execute(ThrowableCollector.java:73)
	at org.junit.jupiter.engine.descriptor.TestMethodTestDescriptor.invokeTestMethod(TestMethodTestDescriptor.java:208)
	at org.junit.jupiter.engine.descriptor.TestMethodTestDescriptor.execute(TestMethodTestDescriptor.java:137)
	at org.junit.jupiter.engine.descriptor.TestMethodTestDescriptor.execute(TestMethodTestDescriptor.java:71)
	at org.junit.platform.engine.support.hierarchical.NodeTestTask.lambda$executeRecursively$5(NodeTestTask.java:135)
	at org.junit.platform.engine.support.hierarchical.ThrowableCollector.execute(ThrowableCollector.java:73)
	at org.junit.platform.engine.support.hierarchical.NodeTestTask.lambda$executeRecursively$7(NodeTestTask.java:125)
	at org.junit.platform.engine.support.hierarchical.Node.around(Node.java:135)
	at org.junit.platform.engine.support.hierarchical.NodeTestTask.lambda$executeRecursively$8(NodeTestTask.java:123)
	at org.junit.platform.engine.support.hierarchical.ThrowableCollector.execute(ThrowableCollector.java:73)
	at org.junit.platform.engine.support.hierarchical.NodeTestTask.executeRecursively(NodeTestTask.java:122)
	at org.junit.platform.engine.support.hierarchical.NodeTestTask.execute(NodeTestTask.java:80)
	at java.util.ArrayList.forEach(ArrayList.java:1259)
	at org.junit.platform.engine.support.hierarchical.SameThreadHierarchicalTestExecutorService.invokeAll(SameThreadHierarchicalTestExecutorService.java:38)
	at org.junit.platform.engine.support.hierarchical.NodeTestTask.lambda$executeRecursively$5(NodeTestTask.java:139)
	at org.junit.platform.engine.support.hierarchical.ThrowableCollector.execute(ThrowableCollector.java:73)
	at org.junit.platform.engine.support.hierarchical.NodeTestTask.lambda$executeRecursively$7(NodeTestTask.java:125)
	at org.junit.platform.engine.support.hierarchical.Node.around(Node.java:135)
	at org.junit.platform.engine.support.hierarchical.NodeTestTask.lambda$executeRecursively$8(NodeTestTask.java:123)
	at org.junit.platform.engine.support.hierarchical.ThrowableCollector.execute(ThrowableCollector.java:73)
	at org.junit.platform.engine.support.hierarchical.NodeTestTask.executeRecursively(NodeTestTask.java:122)
	at org.junit.platform.engine.support.hierarchical.NodeTestTask.execute(NodeTestTask.java:80)
	at java.util.ArrayList.forEach(ArrayList.java:1259)
	at org.junit.platform.engine.support.hierarchical.SameThreadHierarchicalTestExecutorService.invokeAll(SameThreadHierarchicalTestExecutorService.java:38)
	at org.junit.platform.engine.support.hierarchical.NodeTestTask.lambda$executeRecursively$5(NodeTestTask.java:139)
	at org.junit.platform.engine.support.hierarchical.ThrowableCollector.execute(ThrowableCollector.java:73)
	at org.junit.platform.engine.support.hierarchical.NodeTestTask.lambda$executeRecursively$7(NodeTestTask.java:125)
	at org.junit.platform.engine.support.hierarchical.Node.around(Node.java:135)
	at org.junit.platform.engine.support.hierarchical.NodeTestTask.lambda$executeRecursively$8(NodeTestTask.java:123)
	at org.junit.platform.engine.support.hierarchical.ThrowableCollector.execute(ThrowableCollector.java:73)
	at org.junit.platform.engine.support.hierarchical.NodeTestTask.executeRecursively(NodeTestTask.java:122)
	at org.junit.platform.engine.support.hierarchical.NodeTestTask.execute(NodeTestTask.java:80)
	at org.junit.platform.engine.support.hierarchical.SameThreadHierarchicalTestExecutorService.submit(SameThreadHierarchicalTestExecutorService.java:32)
	at org.junit.platform.engine.support.hierarchical.HierarchicalTestExecutor.execute(HierarchicalTestExecutor.java:57)
	at org.junit.platform.engine.support.hierarchical.HierarchicalTestEngine.execute(HierarchicalTestEngine.java:51)
	at org.junit.platform.launcher.core.EngineExecutionOrchestrator.execute(EngineExecutionOrchestrator.java:107)
	at org.junit.platform.launcher.core.EngineExecutionOrchestrator.execute(EngineExecutionOrchestrator.java:88)
	at org.junit.platform.launcher.core.EngineExecutionOrchestrator.lambda$execute$0(EngineExecutionOrchestrator.java:54)
	at org.junit.platform.launcher.core.EngineExecutionOrchestrator.withInterceptedStreams(EngineExecutionOrchestrator.java:67)
	at org.junit.platform.launcher.core.EngineExecutionOrchestrator.execute(EngineExecutionOrchestrator.java:52)
	at org.junit.platform.launcher.core.DefaultLauncher.execute(DefaultLauncher.java:114)
	at org.junit.platform.launcher.core.DefaultLauncher.execute(DefaultLauncher.java:86)
	at org.junit.platform.launcher.core.DefaultLauncherSession$DelegatingLauncher.execute(DefaultLauncherSession.java:86)
	at org.junit.platform.launcher.core.SessionPerRequestLauncher.execute(SessionPerRequestLauncher.java:53)
	at org.gradle.api.internal.tasks.testing.junitplatform.JUnitPlatformTestClassProcessor$CollectAllTestClassesExecutor.processAllTestClasses(JUnitPlatformTestClassProcessor.java:99)
	at org.gradle.api.internal.tasks.testing.junitplatform.JUnitPlatformTestClassProcessor$CollectAllTestClassesExecutor.access$000(JUnitPlatformTestClassProcessor.java:79)
	at org.gradle.api.internal.tasks.testing.junitplatform.JUnitPlatformTestClassProcessor.stop(JUnitPlatformTestClassProcessor.java:75)
	at org.gradle.api.internal.tasks.testing.SuiteTestClassProcessor.stop(SuiteTestClassProcessor.java:61)
	at sun.reflect.NativeMethodAccessorImpl.invoke0(Native Method)
	at sun.reflect.NativeMethodAccessorImpl.invoke(NativeMethodAccessorImpl.java:62)
	at sun.reflect.DelegatingMethodAccessorImpl.invoke(DelegatingMethodAccessorImpl.java:43)
	at java.lang.reflect.Method.invoke(Method.java:498)
	at org.gradle.internal.dispatch.ReflectionDispatch.dispatch(ReflectionDispatch.java:36)
	at org.gradle.internal.dispatch.ReflectionDispatch.dispatch(ReflectionDispatch.java:24)
	at org.gradle.internal.dispatch.ContextClassLoaderDispatch.dispatch(ContextClassLoaderDispatch.java:33)
	at org.gradle.internal.dispatch.ProxyDispatchAdapter$DispatchingInvocationHandler.invoke(ProxyDispatchAdapter.java:94)
	at com.sun.proxy.$Proxy2.stop(Unknown Source)
	at org.gradle.api.internal.tasks.testing.worker.TestWorker$3.run(TestWorker.java:193)
	at org.gradle.api.internal.tasks.testing.worker.TestWorker.executeAndMaintainThreadName(TestWorker.java:129)
	at org.gradle.api.internal.tasks.testing.worker.TestWorker.execute(TestWorker.java:100)
	at org.gradle.api.internal.tasks.testing.worker.TestWorker.execute(TestWorker.java:60)
	at org.gradle.process.internal.worker.child.ActionExecutionWorker.execute(ActionExecutionWorker.java:56)
	at org.gradle.process.internal.worker.child.SystemApplicationClassLoaderWorker.call(SystemApplicationClassLoaderWorker.java:133)
	at org.gradle.process.internal.worker.child.SystemApplicationClassLoaderWorker.call(SystemApplicationClassLoaderWorker.java:71)
	at worker.org.gradle.process.internal.worker.GradleWorkerMain.run(GradleWorkerMain.java:69)
	at worker.org.gradle.process.internal.worker.GradleWorkerMain.main(GradleWorkerMain.java:74)
</failure>
  </testcase>
  <testcase name="testfireballHitGremlin()" classname="gremlins.ConfLoaderTest" time="3.196"/>
  <testcase name="testcheckLosetatus()" classname="gremlins.ConfLoaderTest" time="1.862"/>
  <testcase name="testKeyReleased()" classname="gremlins.ConfLoaderTest" time="1.004"/>
  <testcase name="testpassblackHole()" classname="gremlins.ConfLoaderTest" time="3.621"/>
  <testcase name="testWallBreak()" classname="gremlins.ConfLoaderTest" time="3.092"/>
  <system-out><![CDATA[3
3
3
3
3
3
3
3
3
3
3
3
3
3
3
3
3
3
3
3
3
3
3
3
3
3
3
3
3
3
3
3
3
3
3
3
3
3
3
3
3
3
3
3
3
3
3
3
3
3
3
3
3
3
3
3
3
3
3
3
3
3
3
3
3
3
3
3
3
3
3
3
3
3
3
3
3
3
3
3
3
3
3
3
3
3
3
3
3
3
3
3
3
3
3
3
3
3
3
3
3
3
3
3
3
3
3
3
3
3
3
3
3
3
3
3
3
3
3
3
3
3
3
3
3
3
3
3
3
3
3
3
3
3
3
3
3
3
3
3
3
3
3
3
3
3
3
3
3
3
3
3
3
3
3
3
3
3
3
3
3
3
3
3
3
3
3
3
3
3
3
3
3
3
3
3
3
3
3
3
3
3
3
3
3
3
3
3
3
3
3
3
3
3
3
3
3
3
3
3
3
3
3
3
3
3
3
3
3
3
3
3
3
3
3
3
3
3
3
3
3
3
3
3
3
3
3
3
3
3
3
3
3
3
3
3
3
3
3
3
3
3
3
3
3
3
3
3
3
3
3
3
3
3
3
3
3
3
3
3
3
3
3
3
3
3
3
3
3
3
3
3
3
3
3
3
3
3
3
3
3
3
3
3
3
3
3
3
3
3
3
3
3
3
3
3
3
3
3
3
3
3
3
3
3
3
3
3
3
3
2
3
3
2
3
2
3
3
2
3
3
3
3
2
3
2
3
3
2
3
2
3
2
2
3
3
2
3
3
2
3
2
3
3
2
3
2
3
2
3
3
2
3
3
2
3
2
2
3
3
3
3
2
3
3
3
2
3
3
2
3
3
2
3
3
2
3
2
3
3
3
2
3
3
2
3
3
2
3
3
2
3
3
3
2
3
3
2
2
3
3
2
3
3
2
3
3
2
3
2
3
3
3
3
2
2
3
3
3
2
3
3
2
3
3
2
3
3
2
3
3
3
2
3
3
3
2
3
3
2
3
3
3
2
3
3
2
3
3
2
3
2
3
3
2
3
3
2
3
3
2
3
3
2
3
3
3
3
2
3
3
2
3
3
2
3
2
3
3
3
2
3
3
2
3
3
3
3
2
3
3
2
3
3
2
3
3
2
3
2
3
2
3
3
2
3
3
2
3
3
3
2
3
2
3
3
2
3
3
2
3
2
3
3
3
2
3
3
2
3
3
2
3
3
2
3
3
2
3
3
2
3
3
2
3
3
2
3
3
2
3
3
2
3
3
2
3
3
3
2
3
3
2
2
3
3
3
2
3
3
3
2
3
3
3
2
3
3
3
3
2
3
3
3
3
2
3
3
3
2
3
3
3
3
2
3
3
2
3
3
2
3
3
3
2
2
3
3
3
3
2
3
3
2
3
3
3
2
3
2
3
3
3
2
3
3
3
3
2
3
3
3
2
3
2
3
3
2
3
3
3
2
3
3
2
3
3
3
2
3
3
3
2
3
3
3
3
2
3
3
2
3
3
3
3
3
2
3
3
2
3
3
2
3
2
3
3
2
3
2
3
3
3
2
3
3
3
2
3
3
3
3
2
3
3
2
3
2
3
2
3
3
3
3
3
3
2
3
3
3
2
3
2
3
3
3
3
3
3
3
2
3
3
3
3
3
2
3
3
2
3
3
2
3
3
3
2
3
3
3
2
3
3
3
2
3
3
3
3
3
2
3
3
3
2
3
3
3
3
3
2
3
3
3
2
3
2
3
3
3
2
3
3
3
3
2
3
3
2
3
3
3
2
3
3
3
3
2
3
3
3
2
3
3
2
3
3
2
3
3
2
3
3
3
2
3
3
3
2
3
3
3
3
3
3
3
2
3
3
2
3
2
3
3
2
3
3
2
3
3
3
2
3
3
2
3
3
3
2
3
3
2
3
3
3
3
2
3
3
3
3
3
2
3
3
2
3
3
3
3
2
3
3
3
3
2
3
3
3
3
3
3
3
2
3
3
3
3
2
3
3
3
3
3
2
3
3
3
3
3
3
3
3
2
3
3
3
3
2
3
3
3
3
3
2
3
3
3
3
2
3
3
3
2
3
3
3
3
3
3
3
3
3
2
3
3
3
3
2
3
3
3
3
2
3
3
2
3
3
2
3
3
3
2
3
3
3
3
2
3
3
3
3
3
3
2
3
3
3
3
3
3
3
2
3
3
3
3
2
3
3
3
3
2
3
3
3
3
3
3
2
3
2
3
3
3
2
3
3
3
3
3
3
3
2
3
3
3
3
3
3
2
3
3
3
3
3
3
2
3
3
3
3
3
3
3
3
2
3
3
3
3
3
2
3
2
3
3
3
2
3
3
3
2
3
3
3
3
2
3
3
3
3
3
3
3
3
2
3
3
3
3
2
3
3
2
3
3
2
3
3
3
2
3
3
3
3
2
3
2
3
3
3
3
3
3
3
3
2
3
3
3
3
3
2
3
3
3
3
3
3
3
3
2
3
3
3
3
2
3
3
3
2
3
3
3
3
3
3
2
3
3
3
3
2
3
3
3
3
3
3
3
2
3
3
3
3
3
3
3
2
3
3
3
3
3
2
3
3
3
2
3
3
2
3
3
3
3
3
3
3
3
3
3
2
3
3
3
3
3
2
3
3
3
3
3
3
3
3
2
3
3
3
3
3
3
2
3
3
2
3
3
2
3
3
3
2
3
3
3
3
3
2
3
3
3
2
3
3
2
3
3
3
3
3
3
3
2
3
3
3
3
3
3
3
3
3
3
2
3
2
3
3
3
3
3
3
3
3
2
3
3
3
3
2
3
3
3
3
3
3
3
3
3
3
2
3
3
3
3
3
3
2
3
3
2
3
3
3
3
2
3
3
3
3
2
2
3
3
3
2
3
3
3
3
3
2
3
3
3
3
3
3
3
3
3
2
3
3
3
3
3
2
3
3
3
3
2
3
3
2
3
3
3
3
3
3
2
3
3
2
3
3
3
3
3
3
2
3
3
3
3
2
3
3
3
3
2
3
3
3
3
2
3
3
3
3
2
3
3
3
3
3
3
3
3
2
3
3
3
3
3
3
3
3
3
3
3
2
3
3
3
3
3
2
3
3
3
3
3
2
3
3
3
3
3
3
2
3
3
3
3
2
3
3
3
3
3
3
3
2
3
2
3
3
3
3
3
3
3
3
2
3
3
3
3
3
3
3
3
3
3
3
2
3
2
3
3
3
3
3
3
3
3
2
3
3
3
3
3
3
3
3
3
3
3
3
3
2
3
3
3
3
3
3
3
3
3
3
3
3
3
2
3
3
3
3
2
3
3
3
3
3
2
3
3
3
3
3
3
2
3
3
3
3
3
3
3
2
3
3
3
3
2
3
3
3
3
3
3
3
3
3
3
3
3
2
3
3
3
3
3
3
3
3
3
3
3
2
3
3
3
3
3
2
3
3
3
3
2
3
3
3
2
3
3
3
3
3
3
3
2
3
3
3
3
3
3
3
3
3
2
3
3
3
3
3
3
2
3
3
3
3
2
3
3
3
3
3
2
3
3
3
3
3
3
3
3
3
2
3
3
3
3
3
3
3
3
2
3
3
3
3
3
3
3
3
2
3
3
3
3
3
3
3
3
3
3
3
2
3
2
3
3
3
3
3
3
3
3
2
3
3
3
3
3
2
3
3
3
3
3
2
3
3
3
3
2
3
3
3
3
3
3
2
3
2
3
3
3
3
3
3
3
3
3
2
3
3
3
3
3
2
3
3
3
3
3
2
3
3
3
3
3
3
3
3
3
3
3
3
3
3
2
3
3
3
3
3
2
3
3
3
3
3
3
2
3
3
3
3
3
3
3
3
3
3
3
2
3
3
3
3
3
3
3
3
3
3
0
0
3
3
2
3
2
3
2
3
3
3
3
3
3
2
3
3
3
3
2
3
3
3
3
2
3
3
3
2
3
3
3
3
3
2
3
3
3
3
2
3
3
3
3
3
3
2
3
3
3
3
3
3
2
3
3
3
3
2
3
3
3
3
3
3
3
3
2
3
3
3
3
3
3
3
3
3
3
3
2
3
3
3
3
2
3
3
3
3
3
3
3
3
3
3
3
2
3
3
3
3
3
3
3
3
3
3
2
3
3
3
3
3
3
3
3
3
3
3
3
3
3
3
2
3
3
3
3
2
3
3
3
3
3
3
2
3
3
3
2
3
3
3
3
3
3
3
2
3
3
3
3
3
2
3
3
3
3
3
3
3
3
3
3
3
2
3
3
3
3
3
3
3
3
3
2
3
2
3
3
3
3
3
3
3
3
3
3
3
3
3
3
3
3
3
3
3
3
2
3
3
3
3
2
3
2
3
3
3
3
3
3
3
3
3
2
3
3
2
3
3
3
3
3
3
2
3
3
3
3
3
2
3
3
3
3
3
3
3
3
2
3
3
2
3
3
3
3
3
2
3
3
3
3
3
3
2
3
3
3
3
3
3
3
3
3
2
2
3
3
3
3
3
3
3
3
3
3
3
3
3
2
3
3
3
2
3
3
3
3
3
3
3
3
3
3
3
3
3
2
3
2
3
3
3
3
3
3
3
3
3
3
3
3
2
3
3
3
3
3
3
3
3
3
3
2
3
3
3
3
3
3
3
3
3
3
3
3
3
2
3
3
3
3
3
3
3
3
3
3
3
3
3
3
3
2
3
3
3
3
3
3
3
3
3
3
2
2
3
3
3
3
3
3
3
3
3
3
3
3
2
3
2
3
3
3
3
3
3
2
3
3
3
3
3
3
3
3
3
3
3
3
3
3
2
3
3
3
3
3
3
3
2
3
3
3
3
3
3
3
2
3
3
3
3
3
3
3
2
3
3
3
3
3
3
3
3
3
3
3
3
3
3
3
3
3
3
3
3
3
2
3
3
3
3
3
3
3
3
3
3
3
2
3
3
3
3
3
3
3
3
3
3
3
3
3
3
3
3
3
2
3
3
3
3
3
3
3
3
3
2
3
3
3
3
3
3
3
3
3
3
3
3
3
3
2
3
3
3
3
3
3
3
3
3
2
3
3
3
3
3
3
3
3
3
3
3
3
3
3
2
3
3
3
3
3
3
3
3
3
3
2
3
3
3
3
3
3
2
3
3
3
3
3
3
3
3
2
3
3
3
3
3
3
3
2
3
3
3
3
3
3
3
3
3
3
2
3
3
3
3
3
3
3
3
3
3
3
3
2
3
3
3
3
3
3
3
2
3
3
3
3
3
3
3
3
3
2
3
3
3
3
3
3
2
3
3
3
3
3
3
3
2
3
3
3
3
3
3
3
2
3
3
3
3
3
3
3
3
2
3
3
3
3
3
2
3
3
3
3
2
2
3
3
3
3
3
3
3
3
3
3
3
3
3
3
3
2
3
3
3
3
3
3
3
3
2
3
3
3
3
3
3
3
3
3
2
3
3
3
3
3
3
3
3
3
3
2
3
3
3
3
3
3
3
3
2
3
3
3
3
3
3
3
3
3
3
3
2
3
3
3
3
3
3
3
3
3
3
3
3
3
3
3
3
3
3
3
3
3
3
3
2
3
3
3
3
3
3
3
3
3
3
3
3
3
3
3
3
3
3
3
3
2
3
3
3
3
3
3
2
3
3
3
3
3
3
3
3
3
3
3
2
3
3
3
3
3
3
3
3
3
3
3
2
3
3
3
3
3
3
3
3
3
3
3
3
3
2
3
3
3
3
3
3
3
3
3
3
3
3
2
3
3
3
3
3
3
2
3
3
3
3
3
3
3
3
2
3
3
3
3
3
3
3
3
2
3
3
3
2
3
3
3
3
2
3
3
3
3
3
3
3
3
3
3
3
3
2
3
3
3
3
3
3
3
3
3
3
3
2
3
2
3
3
3
3
3
3
3
2
3
3
3
2
3
3
3
3
3
3
3
3
3
3
3
3
3
3
3
3
3
2
3
3
3
3
3
3
3
3
3
3
3
3
3
2
3
3
3
3
3
3
3
2
3
3
3
3
3
3
3
3
3
2
3
3
3
3
3
3
3
3
3
3
3
3
3
3
3
3
3
3
3
3
2
3
3
3
3
3
3
3
3
3
3
3
3
2
3
3
3
3
3
3
3
3
3
3
3
3
3
3
3
3
2
3
3
3
3
3
3
3
2
3
3
3
3
3
3
3
3
3
3
2
2
3
3
3
3
3
2
3
3
3
3
3
3
3
3
3
2
3
3
3
3
3
3
3
2
3
3
3
3
3
2
3
3
3
3
3
3
3
3
3
2
3
3
3
3
3
3
3
3
3
3
3
3
3
3
3
3
3
2
3
3
3
3
3
3
3
3
3
3
3
3
3
3
3
3
2
3
3
3
3
3
3
3
3
3
3
3
3
2
3
3
3
3
3
3
3
3
3
3
3
3
3
3
2
3
3
3
3
3
2
3
3
3
3
3
3
3
3
3
3
3
2
3
2
3
3
3
3
3
3
3
3
2
3
3
3
3
3
3
3
3
3
3
3
3
3
3
2
3
3
3
3
3
3
3
3
3
3
3
3
3
3
3
3
3
3
3
3
2
3
3
3
3
3
3
3
3
3
3
2
3
3
3
3
3
3
3
3
2
3
3
3
3
3
3
3
3
2
3
3
3
3
3
3
3
3
3
3
3
2
3
3
3
3
3
3
3
3
2
3
3
3
3
3
3
3
3
2
3
3
3
3
3
3
3
3
3
2
3
3
3
3
3
3
3
3
2
3
3
3
3
3
3
3
3
3
3
3
3
2
3
3
3
3
3
3
3
3
3
2
3
3
3
3
3
3
3
3
3
3
3
2
3
3
3
2
3
3
3
3
3
3
3
3
3
3
3
3
3
3
3
3
3
3
2
3
3
3
3
3
3
3
3
3
3
3
3
3
3
3
3
3
3
3
2
3
3
3
3
3
3
3
3
3
3
3
3
2
3
3
3
3
3
3
3
3
2
3
3
3
3
3
3
3
3
3
3
3
3
2
3
3
3
3
3
3
3
3
3
3
3
3
3
3
3
2
3
3
3
3
3
3
3
3
3
3
3
2
3
3
3
3
3
2
3
3
3
3
3
3
3
3
3
2
3
3
3
3
3
3
3
2
3
3
3
3
3
3
3
3
3
3
3
3
3
3
3
3
3
2
3
3
3
3
3
3
3
3
3
2
3
3
3
3
3
3
3
3
3
3
3
2
3
3
3
3
3
3
3
3
2
3
2
3
3
3
3
3
3
3
3
3
3
3
3
3
3
3
3
3
3
3
3
2
3
3
3
3
3
3
3
3
3
3
3
3
2
3
3
2
3
3
3
2
3
3
2
3
3
3
3
3
3
3
3
2
3
3
3
3
3
3
2
3
3
3
3
3
3
3
3
3
3
2
3
3
3
3
3
3
3
3
3
3
3
3
3
3
3
3
3
3
3
2
3
3
3
3
3
3
3
3
3
3
3
3
3
2
3
3
2
3
3
3
3
3
3
3
3
3
3
3
3
3
3
3
3
3
3
3
3
2
3
3
3
3
3
3
3
3
2
0
3
3
3
2
3
3
3
3
3
3
3
3
2
3
3
3
2
3
3
3
3
3
3
3
3
3
3
3
2
3
3
3
3
3
3
3
3
3
3
3
3
2
3
3
3
3
3
3
3
3
3
3
2
3
3
3
3
3
3
3
2
3
3
3
3
3
3
3
3
3
2
3
3
3
3
3
3
3
3
3
2
3
3
3
3
3
3
3
3
3
2
3
3
3
3
3
3
3
3
3
2
3
3
3
3
3
3
3
3
3
3
3
3
3
3
3
3
3
3
2
3
3
3
3
3
3
3
3
3
3
3
3
3
3
3
3
3
3
3
3
2
3
3
2
3
3
3
3
3
2
3
3
3
3
3
3
3
3
3
3
2
3
3
3
3
3
3
2
3
3
3
3
3
3
3
3
3
3
2
3
3
3
3
3
3
3
3
3
3
3
3
3
3
3
3
3
3
2
3
3
3
3
3
3
3
2
3
3
3
3
3
3
3
3
3
3
2
3
3
3
3
3
3
3
3
3
3
2
3
3
3
3
3
3
3
3
3
2
3
3
3
3
3
3
3
3
3
3
3
3
3
3
3
3
3
3
3
3
3
2
3
3
3
3
3
3
3
3
3
3
2
3
3
3
3
3
3
3
2
3
3
3
3
3
3
3
3
3
2
3
3
3
3
3
3
3
3
3
3
3
2
3
3
3
3
3
3
3
3
3
3
3
3
3
3
3
3
2
3
3
3
3
3
3
3
3
3
3
3
3
2
3
2
3
3
3
3
3
3
3
2
3
3
3
3
3
3
3
3
3
3
3
3
3
2
3
3
3
3
3
3
3
3
3
3
3
3
3
3
3
3
3
2
3
3
3
3
3
3
3
3
3
3
3
3
3
3
3
3
3
2
3
3
3
3
3
3
3
3
3
3
2
3
3
3
3
3
3
3
2
3
3
3
3
3
3
3
3
3
3
3
2
3
3
3
3
3
3
3
3
2
3
3
3
3
3
3
3
3
3
3
3
2
3
3
3
3
3
3
3
3
3
3
3
3
3
3
3
3
3
3
3
3
2
3
3
3
3
3
3
3
3
3
3
3
3
3
2
3
3
3
3
3
3
3
3
3
2
3
3
3
3
3
3
3
3
2
3
3
3
3
3
3
3
3
3
3
3
3
2
3
3
3
3
3
2
3
2
3
3
3
3
3
3
3
3
3
3
3
2
3
3
3
3
3
3
3
3
3
3
2
3
3
3
2
3
3
3
3
3
3
3
3
3
3
2
2
3
3
3
2
3
3
3
3
3
3
3
3
3
3
3
3
2
3
3
3
3
2
3
3
3
3
3
3
3
3
2
3
3
2
3
3
3
3
3
3
3
3
3
2
3
3
2
3
3
3
3
2
3
3
2
3
3
3
3
3
3
3
3
3
3
3
3
3
3
3
3
3
2
2
3
3
3
3
3
3
3
3
3
2
3
3
2
3
3
3
3
3
3
3
2
2
2
3
3
3
3
3
3
3
3
3
2
3
3
3
3
3
3
3
3
3
2
3
3
2
3
3
3
3
3
3
3
3
3
3
3
2
3
3
3
3
3
2
2
3
3
3
3
3
3
3
3
3
3
3
3
3
3
3
3
3
3
2
3
3
2
3
3
3
3
2
3
3
3
3
2
3
3
3
3
3
3
3
3
3
2
3
2
3
3
3
3
2
3
3
2
3
3
3
3
3
3
3
3
3
3
2
3
3
2
3
3
3
2
3
3
3
3
3
3
3
2
3
3
3
3
2
3
3
3
3
3
3
2
3
3
3
3
2
3
3
3
3
3
3
3
2
3
3
3
3
2
3
3
3
3
3
3
2
3
3
3
2
3
3
3
2
3
3
3
3
2
3
3
3
3
3
3
3
2
3
3
3
3
3
3
3
2
3
3
3
3
2
3
3
3
3
3
3
3
3
3
3
3
3
3
3
2
3
3
3
2
3
3
3
3
3
2
3
3
2
3
3
3
3
3
3
2
3
3
3
3
3
3
3
3
3
3
3
3
2
3
3
2
3
2
3
3
3
3
3
3
3
3
3
2
3
2
3
3
2
3
3
3
3
3
3
3
3
3
3
2
3
3
3
3
2
3
3
3
3
3
3
3
3
3
3
3
3
3
3
2
3
3
3
2
3
3
2
3
3
3
3
3
2
3
3
3
3
3
2
3
3
3
3
3
3
2
3
3
3
3
2
3
3
3
]]></system-out>
  <system-err><![CDATA[java.lang.NullPointerException
	at gremlins.Frame.setSprite(Frame.java:85)
	at gremlins.App.setFrame(App.java:319)
	at gremlins.App.setup(App.java:106)
	at processing.core.PApplet.handleDraw(PApplet.java:2401)
	at processing.awt.PSurfaceAWT$12.callDraw(PSurfaceAWT.java:1557)
	at processing.core.PSurfaceNone$AnimationThread.run(PSurfaceNone.java:316)
]]></system-err>
</testsuite>
